<?xml version="1.0" encoding="UTF-8"?>
<coverage generated="1555463857048" clover="3.2.0">
  <project timestamp="1555463857048" name="All files">
    <metrics statements="27" coveredstatements="26" conditionals="2" coveredconditionals="1" methods="4" coveredmethods="4" elements="33" coveredelements="31" complexity="0" loc="27" ncloc="27" packages="1" files="3" classes="3">
      <file name="actions.js" path="/Users/matthewdangerfield/Code/packt/project_files/section-3-reading-tracker-app/src/store/user/actions.js">
        <metrics statements="23" coveredstatements="22" conditionals="2" coveredconditionals="1" methods="4" coveredmethods="4"/>
        <line num="5" count="2" type="stmt"/>
        <line num="14" count="1" type="stmt"/>
        <line num="15" count="1" type="stmt"/>
        <line num="17" count="1" type="stmt"/>
        <line num="19" count="1" type="stmt"/>
        <line num="23" count="1" type="stmt"/>
        <line num="24" count="1" type="stmt"/>
        <line num="26" count="1" type="stmt"/>
        <line num="27" count="1" type="stmt"/>
        <line num="28" count="1" type="stmt"/>
        <line num="30" count="1" type="stmt"/>
        <line num="35" count="3" type="stmt"/>
        <line num="36" count="3" type="stmt"/>
        <line num="39" count="1" type="cond" truecount="1" falsecount="1"/>
        <line num="40" count="1" type="stmt"/>
        <line num="42" count="0" type="stmt"/>
        <line num="46" count="3" type="stmt"/>
        <line num="47" count="3" type="stmt"/>
        <line num="49" count="3" type="stmt"/>
        <line num="53" count="2" type="stmt"/>
        <line num="54" count="3" type="stmt"/>
        <line num="55" count="10" type="stmt"/>
        <line num="56" count="4" type="stmt"/>
      </file>
      <file name="index.js" path="/Users/matthewdangerfield/Code/packt/project_files/section-3-reading-tracker-app/src/store/user/index.js">
        <metrics statements="0" coveredstatements="0" conditionals="0" coveredconditionals="0" methods="0" coveredmethods="0"/>
      </file>
      <file name="mutations.js" path="/Users/matthewdangerfield/Code/packt/project_files/section-3-reading-tracker-app/src/store/user/mutations.js">
        <metrics statements="4" coveredstatements="4" conditionals="0" coveredconditionals="0" methods="0" coveredmethods="0"/>
        <line num="3" count="2" type="stmt"/>
        <line num="10" count="3" type="stmt"/>
        <line num="11" count="3" type="stmt"/>
        <line num="15" count="3" type="stmt"/>
      </file>
    </metrics>
  </project>
</coverage>
