{"/Users/matthewdangerfield/Code/packt/project_files/section-3-reading-tracker-app/src/store/user/actions.js": {"path":"/Users/matthewdangerfield/Code/packt/project_files/section-3-reading-tracker-app/src/store/user/actions.js","statementMap":{"0":{"start":{"line":5,"column":21},"end":{"line":10,"column":1}},"1":{"start":{"line":14,"column":28},"end":{"line":14,"column":59}},"2":{"start":{"line":15,"column":4},"end":{"line":15,"column":45}},"3":{"start":{"line":17,"column":4},"end":{"line":17,"column":47}},"4":{"start":{"line":19,"column":4},"end":{"line":19,"column":48}},"5":{"start":{"line":23,"column":28},"end":{"line":23,"column":56}},"6":{"start":{"line":24,"column":4},"end":{"line":24,"column":45}},"7":{"start":{"line":26,"column":19},"end":{"line":26,"column":48}},"8":{"start":{"line":27,"column":24},"end":{"line":27,"column":49}},"9":{"start":{"line":28,"column":4},"end":{"line":28,"column":52}},"10":{"start":{"line":30,"column":4},"end":{"line":30,"column":41}},"11":{"start":{"line":35,"column":4},"end":{"line":44,"column":5}},"12":{"start":{"line":36,"column":6},"end":{"line":36,"column":51}},"13":{"start":{"line":39,"column":6},"end":{"line":43,"column":7}},"14":{"start":{"line":40,"column":8},"end":{"line":40,"column":19}},"15":{"start":{"line":42,"column":8},"end":{"line":42,"column":16}},"16":{"start":{"line":46,"column":4},"end":{"line":46,"column":45}},"17":{"start":{"line":46,"column":27},"end":{"line":46,"column":42}},"18":{"start":{"line":47,"column":4},"end":{"line":47,"column":71}},"19":{"start":{"line":49,"column":4},"end":{"line":49,"column":46}},"20":{"start":{"line":53,"column":4},"end":{"line":62,"column":7}},"21":{"start":{"line":54,"column":6},"end":{"line":61,"column":9}},"22":{"start":{"line":55,"column":21},"end":{"line":55,"column":79}},"23":{"start":{"line":55,"column":55},"end":{"line":55,"column":78}},"24":{"start":{"line":56,"column":8},"end":{"line":60,"column":10}}},"fnMap":{"0":{"name":"(anonymous_0)","decl":{"start":{"line":46,"column":18},"end":{"line":46,"column":19}},"loc":{"start":{"line":46,"column":27},"end":{"line":46,"column":42}},"line":46},"1":{"name":"(anonymous_1)","decl":{"start":{"line":53,"column":34},"end":{"line":53,"column":35}},"loc":{"start":{"line":53,"column":42},"end":{"line":62,"column":5}},"line":53},"2":{"name":"(anonymous_2)","decl":{"start":{"line":54,"column":27},"end":{"line":54,"column":28}},"loc":{"start":{"line":54,"column":37},"end":{"line":61,"column":7}},"line":54},"3":{"name":"(anonymous_3)","decl":{"start":{"line":55,"column":42},"end":{"line":55,"column":43}},"loc":{"start":{"line":55,"column":55},"end":{"line":55,"column":78}},"line":55}},"branchMap":{"0":{"loc":{"start":{"line":39,"column":6},"end":{"line":43,"column":7}},"type":"if","locations":[{"start":{"line":39,"column":6},"end":{"line":43,"column":7}},{"start":{"line":39,"column":6},"end":{"line":43,"column":7}}],"line":39}},"s":{"0":2,"1":1,"2":1,"3":1,"4":1,"5":1,"6":1,"7":1,"8":1,"9":1,"10":1,"11":3,"12":3,"13":1,"14":1,"15":0,"16":3,"17":2,"18":3,"19":3,"20":2,"21":3,"22":4,"23":10,"24":4},"f":{"0":2,"1":3,"2":4,"3":10},"b":{"0":[1,0]},"_coverageSchema":"332fd63041d2c1bcb487cc26dd0d5f7d97098a6c","hash":"9c2f51dd8785f8d9baa901ad22b72302a78d8228"}
,"/Users/matthewdangerfield/Code/packt/project_files/section-3-reading-tracker-app/src/store/user/index.js": {"path":"/Users/matthewdangerfield/Code/packt/project_files/section-3-reading-tracker-app/src/store/user/index.js","statementMap":{},"fnMap":{},"branchMap":{},"s":{},"f":{},"b":{},"_coverageSchema":"332fd63041d2c1bcb487cc26dd0d5f7d97098a6c","hash":"f757e70fc6a50098af4e043696972e8635d655bf"}
,"/Users/matthewdangerfield/Code/packt/project_files/section-3-reading-tracker-app/src/store/user/mutations.js": {"path":"/Users/matthewdangerfield/Code/packt/project_files/section-3-reading-tracker-app/src/store/user/mutations.js","statementMap":{"0":{"start":{"line":3,"column":21},"end":{"line":6,"column":1}},"1":{"start":{"line":10,"column":4},"end":{"line":10,"column":27}},"2":{"start":{"line":11,"column":4},"end":{"line":11,"column":23}},"3":{"start":{"line":15,"column":4},"end":{"line":15,"column":35}}},"fnMap":{},"branchMap":{},"s":{"0":2,"1":3,"2":3,"3":3},"f":{},"b":{},"_coverageSchema":"332fd63041d2c1bcb487cc26dd0d5f7d97098a6c","hash":"fbab0817ac1bebe88781ac2c162e027fe44a5ce1"}
}
