TN:
SF:/Users/matthewdangerfield/Code/packt/project_files/section-3-reading-tracker-app/src/store/user/actions.js
FN:46,(anonymous_0)
FN:53,(anonymous_1)
FN:54,(anonymous_2)
FN:55,(anonymous_3)
FNF:4
FNH:4
FNDA:2,(anonymous_0)
FNDA:3,(anonymous_1)
FNDA:4,(anonymous_2)
FNDA:10,(anonymous_3)
DA:5,2
DA:14,1
DA:15,1
DA:17,1
DA:19,1
DA:23,1
DA:24,1
DA:26,1
DA:27,1
DA:28,1
DA:30,1
DA:35,3
DA:36,3
DA:39,1
DA:40,1
DA:42,0
DA:46,3
DA:47,3
DA:49,3
DA:53,2
DA:54,3
DA:55,10
DA:56,4
LF:23
LH:22
BRDA:39,0,0,1
BRDA:39,0,1,0
BRF:2
BRH:1
end_of_record
TN:
SF:/Users/matthewdangerfield/Code/packt/project_files/section-3-reading-tracker-app/src/store/user/index.js
FNF:0
FNH:0
LF:0
LH:0
BRF:0
BRH:0
end_of_record
TN:
SF:/Users/matthewdangerfield/Code/packt/project_files/section-3-reading-tracker-app/src/store/user/mutations.js
FNF:0
FNH:0
DA:3,2
DA:10,3
DA:11,3
DA:15,3
LF:4
LH:4
BRF:0
BRH:0
end_of_record
